<?xml version="1.0" encoding="UTF-8"?>
<!-- Generated by org.testng.reporters.JUnitXMLReporter -->
<testsuite hostname="DESKTOP-FV38TLN" failures="0" tests="4" name="Test" time="0.054" errors="0" timestamp="10 Aug 2022 06:39:23 GMT">
  <testcase classname="qaclickacademy.Mavenjava.RestAPITest" name="deleteTwitter" time="0.022"/>
  <testcase classname="qaclickacademy.Mavenjava.RestAPITest" name="postJira" time="0.001"/>
  <testcase classname="qaclickacademy.Mavenjava.AppiumTest" name="IOSApps" time="0.002"/>
  <testcase classname="qaclickacademy.Mavenjava.AppiumTest" name="NativeAppAndroid" time="0.001"/>
</testsuite> <!-- Test -->
