<?xml version="1.0" encoding="UTF-8"?>
<testng-results total="4" passed="4" failed="0" skipped="0">
  <reporter-output>
  </reporter-output>
  <suite started-at="2022-08-10T06:39:23Z" name="Suite" finished-at="2022-08-10T06:39:23Z" duration-ms="54">
    <groups>
    </groups>
    <test started-at="2022-08-10T06:39:23Z" name="Test" finished-at="2022-08-10T06:39:23Z" duration-ms="54">
      <class name="qaclickacademy.Mavenjava.RestAPITest">
        <test-method signature="deleteTwitter()[pri:0, instance:qaclickacademy.Mavenjava.RestAPITest@4a83a74a]" started-at="2022-08-10T12:09:23Z" name="deleteTwitter" finished-at="2022-08-10T12:09:23Z" duration-ms="22" status="PASS">
          <reporter-output>
          </reporter-output>
        </test-method> <!-- deleteTwitter -->
        <test-method signature="postJira()[pri:0, instance:qaclickacademy.Mavenjava.RestAPITest@4a83a74a]" started-at="2022-08-10T12:09:23Z" name="postJira" finished-at="2022-08-10T12:09:23Z" duration-ms="1" status="PASS">
          <reporter-output>
          </reporter-output>
        </test-method> <!-- postJira -->
      </class> <!-- qaclickacademy.Mavenjava.RestAPITest -->
      <class name="qaclickacademy.Mavenjava.AppiumTest">
        <test-method signature="IOSApps()[pri:0, instance:qaclickacademy.Mavenjava.AppiumTest@28261e8e]" started-at="2022-08-10T12:09:23Z" name="IOSApps" finished-at="2022-08-10T12:09:23Z" duration-ms="2" status="PASS">
          <reporter-output>
          </reporter-output>
        </test-method> <!-- IOSApps -->
        <test-method signature="NativeAppAndroid()[pri:0, instance:qaclickacademy.Mavenjava.AppiumTest@28261e8e]" started-at="2022-08-10T12:09:23Z" name="NativeAppAndroid" finished-at="2022-08-10T12:09:23Z" duration-ms="1" status="PASS">
          <reporter-output>
          </reporter-output>
        </test-method> <!-- NativeAppAndroid -->
      </class> <!-- qaclickacademy.Mavenjava.AppiumTest -->
    </test> <!-- Test -->
  </suite> <!-- Suite -->
</testng-results>
