<?xml version="1.0" encoding="UTF-8"?>
<testng-results ignored="0" total="2" passed="2" failed="0" skipped="0">
  <reporter-output>
  </reporter-output>
  <suite started-at="2022-08-09T15:45:46 IST" name="Default suite" finished-at="2022-08-09T15:45:46 IST" duration-ms="172">
    <groups>
    </groups>
    <test started-at="2022-08-09T15:45:46 IST" name="Default test" finished-at="2022-08-09T15:45:46 IST" duration-ms="172">
      <class name="qaclickacademy.Mavenjava.SeleniumTest">
        <test-method signature="BrowserAutomation()[pri:0, instance:qaclickacademy.Mavenjava.SeleniumTest@2beee7ff]" started-at="2022-08-09T15:45:46 IST" name="BrowserAutomation" finished-at="2022-08-09T15:45:46 IST" duration-ms="27" status="PASS">
          <reporter-output>
          </reporter-output>
        </test-method> <!-- BrowserAutomation -->
        <test-method signature="elements()[pri:0, instance:qaclickacademy.Mavenjava.SeleniumTest@2beee7ff]" started-at="2022-08-09T15:45:46 IST" name="elements" finished-at="2022-08-09T15:45:46 IST" duration-ms="6" status="PASS">
          <reporter-output>
          </reporter-output>
        </test-method> <!-- elements -->
      </class> <!-- qaclickacademy.Mavenjava.SeleniumTest -->
    </test> <!-- Default test -->
  </suite> <!-- Default suite -->
</testng-results>
